Environment at start of build:
ALLUSERSPROFILE = C:\ProgramData
APPDATA = C:\Users\hatta\AppData\Roaming
ChocolateyInstall = C:\ProgramData\chocolatey
ChocolateyLastPathUpdate = 133110973927351610
CommonProgramFiles = C:\Program Files (x86)\Common Files
CommonProgramFiles(x86) = C:\Program Files (x86)\Common Files
CommonProgramW6432 = C:\Program Files\Common Files
COMPUTERNAME = MAINOPS
ComSpec = C:\WINDOWS\system32\cmd.exe
DriverData = C:\Windows\System32\Drivers\DriverData
ForceIdentityAuthenticationType = Embedded
FPS_BROWSER_APP_PROFILE_STRING = Internet Explorer
FPS_BROWSER_USER_PROFILE_STRING = Default
HOMEDRIVE = C:
HOMEPATH = \Users\hatta
INTEL_DEV_REDIST = C:\Program Files (x86)\Common Files\Intel\Shared Libraries\
LOCALAPPDATA = C:\Users\hatta\AppData\Local
LOGONSERVER = \\MAINOPS
MIC_LD_LIBRARY_PATH = C:\Program Files (x86)\Common Files\Intel\Shared Libraries\compiler\lib\mic
miniupnpc = C:\Users\hatta\bin\miniupnp
MSBuildLoadMicrosoftTargetsReadOnly = true
NDI_RUNTIME_DIR_V2 = C:\Program Files\NDI\NDI 5 Tools\Runtime
NDI_RUNTIME_DIR_V3 = C:\Program Files\NDI\NDI 5 Tools\Runtime
NDI_RUNTIME_DIR_V4 = C:\Program Files\NDI\NDI 5 Tools\Runtime
NDI_RUNTIME_DIR_V5 = C:\Program Files\NDI\NDI 5 Tools\Runtime
NODE_PATH = C:\ProgramData\nvm\v18.9.0\node_modules
NUMBER_OF_PROCESSORS = 20
NVM_HOME = C:\ProgramData\nvm
NVM_SYMLINK = C:\Program Files\nodejs
OculusBase = C:\Program Files\Oculus\
OneDrive = C:\Users\hatta\OneDrive
OS = Windows_NT
Path = C:\Program Files (x86)\VMware\VMware Workstation\bin\;C:\Program Files\Oculus\Support\oculus-runtime;C:\Program Files (x86)\Common Files\Intel\Shared Libraries\redist\intel64\compiler;C:\Program Files (x86)\Common Files\Oracle\Java\javapath;C:\WINDOWS\system32;C:\WINDOWS;C:\WINDOWS\System32\Wbem;C:\WINDOWS\System32\WindowsPowerShell\v1.0\;C:\WINDOWS\System32\OpenSSH\;C:\ProgramData\chocolatey\bin;C:\Program Files\dotnet\;C:\Program Files\Docker\Docker\resources\bin;C:\ProgramData\DockerDesktop\version-bin;C:\Program Files (x86)\dotnet\;C:\Program Files\Microsoft SQL Server\Client SDK\ODBC\170\Tools\Binn\;C:\Users\hatta\AppData\Local\Programs\Python\Python39\;C:\Program Files\IDM Computer Solutions\UltraEdit;C:\Program Files\IDM Computer Solutions\UltraCompare;C:\Program Files\IDM Computer Solutions\UltraFinder;C:\Program Files\IDM Computer Solutions\UltraFTP;C:\Program Files\IDM Computer Solutions\UEStudio;C:\WINDOWS\system32;C:\WINDOWS;C:\WINDOWS\System32\Wbem;C:\WINDOWS\System32\WindowsPowerShell\v1.0\;C:\WINDOWS\System32\OpenSSH\;C:\Program Files (x86)\NVIDIA Corporation\PhysX\Common;C:\Program Files\NVIDIA Corporation\NVIDIA NvDLISR;C:\Program Files\PowerShell\7\;C:\ProgramData\nvm;C:\Program Files\nodejs;C:\Program Files\Git\cmd;C:\Program Files\nodejs\;C:\Strawberry\c\bin;C:\Strawberry\perl\site\bin;C:\Strawberry\perl\bin;C:\Users\hatta\AppData\Local\Programs\Python\Python310\Scripts\;C:\Users\hatta\AppData\Local\Programs\Python\Python310\;C:\Users\hatta\AppData\Local\VanDyke Software\Clients\;C:\Ruby23-x64\bin;C:\Users\hatta\AppData\Local\Microsoft\WindowsApps;C:\Users\hatta\AppData\Local\Programs\Microsoft VS Code\bin;C:\Users\hatta\AppData\Local\gitkraken\bin;C:\Users\hatta\bin;C:\Users\hatta\.dotnet\tools;C:\Users\hatta\AppData\Local\Keybase\;C:\Users\hatta\AppData\Local\Microsoft\WindowsApps;C:\Users\hatta\AppData\Local\Packages\PythonSoftwareFoundation.Python.3.9_qbz5n2kfra8p0\LocalCache\local-packages\Python39\Scripts;C:\Program Files (x86)\VMware\VMware Workstation\;C:\Program Files\WinRAR;C:\Users\hatta\bin\miniupnp;C:\Users\hatta\AppData\Roaming\npm;O:\output\.git\cygwin-rsyncd\bin\;%bin%
PATHEXT = .COM;.EXE;.BAT;.CMD;.VBS;.VBE;.JS;.JSE;.WSF;.WSH;.MSC;.RB;.RBW;.CPL
PkgDefApplicationConfigFile = C:\Users\hatta\AppData\Local\Microsoft\VisualStudio\16.0_0c1dfad9\devenv.exe.config
POWERSHELL_DISTRIBUTION_CHANNEL = MSI:Windows 10 Enterprise
PROCESSOR_ARCHITECTURE = x86
PROCESSOR_ARCHITEW6432 = AMD64
PROCESSOR_IDENTIFIER = Intel64 Family 6 Model 85 Stepping 4, GenuineIntel
PROCESSOR_LEVEL = 6
PROCESSOR_REVISION = 5504
ProgramData = C:\ProgramData
ProgramFiles = C:\Program Files (x86)
ProgramFiles(x86) = C:\Program Files (x86)
ProgramW6432 = C:\Program Files
PSModulePath = C:\Users\hatta\OneDrive\Documents\WindowsPowerShell\Modules;C:\Program Files (x86)\WindowsPowerShell\Modules;C:\WINDOWS\system32\WindowsPowerShell\v1.0\Modules
PUBLIC = C:\Users\Public
ServiceHubLogSessionKey = 71D28ABF
SignInWithHomeTenantOnly = False
SystemDrive = C:
SystemRoot = C:\WINDOWS
TEMP = C:\Users\hatta\AppData\Local\Temp
ThreadedWaitDialogDpiContext = -4
TMP = C:\Users\hatta\AppData\Local\Temp
USERDOMAIN = MAINOPS
USERDOMAIN_ROAMINGPROFILE = MAINOPS
USERNAME = tim
USERPROFILE = C:\Users\hatta
VisualStudioDir = C:\Users\hatta\OneDrive\Documents\Visual Studio 2019
VisualStudioEdition = Microsoft Visual Studio Community 2019
VisualStudioVersion = 16.0
VSAPPIDDIR = C:\Program Files (x86)\Microsoft Visual Studio\2019\Community\Common7\IDE\
VSAPPIDNAME = devenv.exe
VSLANG = 1033
VSSKUEDITION = Community
windir = C:\WINDOWS

